

================================================================
== Vivado HLS Report for 'top_function'
================================================================
* Date:           Fri Apr  2 14:06:12 2021

* Version:        2020.1 (Build 2897737 on Wed May 27 20:21:37 MDT 2020)
* Project:        functions
* Solution:       solution1
* Product family: artix7
* Target device:  xc7a35t-cpg236-1


================================================================
== Performance Estimates
================================================================
+ Timing: 
    * Summary: 
    +--------+----------+----------+------------+
    |  Clock |  Target  | Estimated| Uncertainty|
    +--------+----------+----------+------------+
    |ap_clk  | 10.00 ns | 1.956 ns |   1.25 ns  |
    +--------+----------+----------+------------+

+ Latency: 
    * Summary: 
    +---------+---------+----------+----------+-----+-----+---------+
    |  Latency (cycles) |  Latency (absolute) |  Interval | Pipeline|
    |   min   |   max   |    min   |    max   | min | max |   Type  |
    +---------+---------+----------+----------+-----+-----+---------+
    |        0|        0|   0 ns   |   0 ns   |    0|    0|   none  |
    +---------+---------+----------+----------+-----+-----+---------+

    + Detail: 
        * Instance: 
        +----------------------+----------+---------+---------+----------+----------+-----+-----+---------+
        |                      |          |  Latency (cycles) |  Latency (absolute) |  Interval | Pipeline|
        |       Instance       |  Module  |   min   |   max   |    min   |    max   | min | max |   Type  |
        +----------------------+----------+---------+---------+----------+----------+-----+-----+---------+
        |tmp_1_and_gate_fu_49  |and_gate  |        0|        0|   0 ns   |   0 ns   |    0|    0|   none  |
        |tmp_not_gate_fu_57    |not_gate  |        0|        0|   0 ns   |   0 ns   |    0|    0|   none  |
        +----------------------+----------+---------+---------+----------+----------+-----+-----+---------+

        * Loop: 
        N/A



================================================================
== Utilization Estimates
================================================================
* Summary: 
+-----------------+---------+-------+-------+-------+-----+
|       Name      | BRAM_18K| DSP48E|   FF  |  LUT  | URAM|
+-----------------+---------+-------+-------+-------+-----+
|DSP              |        -|      -|      -|      -|    -|
|Expression       |        -|      -|      -|      -|    -|
|FIFO             |        -|      -|      -|      -|    -|
|Instance         |        -|      -|      0|      4|    -|
|Memory           |        -|      -|      -|      -|    -|
|Multiplexer      |        -|      -|      -|      -|    -|
|Register         |        -|      -|      -|      -|    -|
+-----------------+---------+-------+-------+-------+-----+
|Total            |        0|      0|      0|      4|    0|
+-----------------+---------+-------+-------+-------+-----+
|Available        |      100|     90|  41600|  20800|    0|
+-----------------+---------+-------+-------+-------+-----+
|Utilization (%)  |        0|      0|      0|   ~0  |    0|
+-----------------+---------+-------+-------+-------+-----+

+ Detail: 
    * Instance: 
    +----------------------+----------+---------+-------+---+----+-----+
    |       Instance       |  Module  | BRAM_18K| DSP48E| FF| LUT| URAM|
    +----------------------+----------+---------+-------+---+----+-----+
    |tmp_1_and_gate_fu_49  |and_gate  |        0|      0|  0|   2|    0|
    |tmp_not_gate_fu_57    |not_gate  |        0|      0|  0|   2|    0|
    +----------------------+----------+---------+-------+---+----+-----+
    |Total                 |          |        0|      0|  0|   4|    0|
    +----------------------+----------+---------+-------+---+----+-----+

    * DSP48E: 
    N/A

    * Memory: 
    N/A

    * FIFO: 
    N/A

    * Expression: 
    N/A

    * Multiplexer: 
    N/A

    * Register: 
    N/A



================================================================
== Interface
================================================================
* Summary: 
+----------+-----+-----+---------+--------------+---------+
| RTL Ports| Dir | Bits| Protocol| Source Object|  C Type |
+----------+-----+-----+---------+--------------+---------+
|a         |  in |    1| ap_none |       a      |  scalar |
|b         |  in |    1| ap_none |       b      |  scalar |
|c         | out |    1| ap_none |       c      | pointer |
+----------+-----+-----+---------+--------------+---------+

