#-----------------------------------------------------------
# Vivado v2020.2 (64-bit)
# SW Build 3064766 on Wed Nov 18 09:12:47 MST 2020
# IP Build 3064653 on Wed Nov 18 14:17:31 MST 2020
# Start of session at: Thu Apr 15 19:04:06 2021
# Process ID: 199057
# Current directory: /home/mxmont/Documents/Universidad/TESIS/ChipVerification/HLS/part2/LAB2/DFF_REG/solution1/sim/verilog
# Command line: vivado -source open_wave.tcl
# Log file: /home/mxmont/Documents/Universidad/TESIS/ChipVerification/HLS/part2/LAB2/DFF_REG/solution1/sim/verilog/vivado.log
# Journal file: /home/mxmont/Documents/Universidad/TESIS/ChipVerification/HLS/part2/LAB2/DFF_REG/solution1/sim/verilog/vivado.jou
#-----------------------------------------------------------
start_gui
source open_wave.tcl
# current_fileset
INFO: [IP_Flow 19-234] Refreshing IP repositories
INFO: [IP_Flow 19-1704] No user IP repositories specified
INFO: [IP_Flow 19-2313] Loaded Vivado IP repository '/tools/Xilinx/Vivado/2020.2/data/ip'.
current_fileset: Time (s): cpu = 00:00:20 ; elapsed = 00:00:07 . Memory (MB): peak = 7361.129 ; gain = 40.277 ; free physical = 265 ; free virtual = 6511
# open_wave_database DFF_REG.wdb
open_wave_config /home/mxmont/Documents/Universidad/TESIS/ChipVerification/HLS/part2/LAB2/DFF_REG/solution1/sim/verilog/DFF_REG.wcfg
close_sim
INFO: [Simtcl 6-16] Simulation closed
exit
INFO: [Common 17-206] Exiting Vivado at Thu Apr 15 20:02:39 2021...
