INFO: [SIM 2] *************** CSIM start ***************
INFO: [SIM 4] CSIM will launch GCC as the compiler.
   Compiling ../../../pwm_tb.cpp in debug mode
   Generating csim.exe
  
 // ----------- start = 1 | for i <= PER_CYCLES = 200 | HG = 15 ---------- // 
  
 start = 1 end = 0 pwm = 0
 start = 1 end = 0 pwm = 1
 start = 1 end = 0 pwm = 1
 start = 1 end = 0 pwm = 1
 start = 1 end = 0 pwm = 1
 start = 1 end = 0 pwm = 0
 start = 1 end = 0 pwm = 0
 start = 1 end = 0 pwm = 0
 start = 1 end = 0 pwm = 0
 start = 1 end = 0 pwm = 0
 start = 1 end = 0 pwm = 0
 start = 1 end = 0 pwm = 0
 start = 1 end = 0 pwm = 0
 start = 1 end = 0 pwm = 0
 start = 1 end = 0 pwm = 0
 start = 1 end = 0 pwm = 0
 start = 1 end = 0 pwm = 0
 start = 1 end = 0 pwm = 0
 start = 1 end = 0 pwm = 0
 start = 1 end = 0 pwm = 0
 start = 1 end = 0 pwm = 0
 start = 1 end = 0 pwm = 1
 start = 1 end = 0 pwm = 1
 start = 1 end = 0 pwm = 1
 start = 1 end = 0 pwm = 1
 start = 1 end = 0 pwm = 1
 start = 1 end = 0 pwm = 1
 start = 1 end = 0 pwm = 1
 start = 1 end = 0 pwm = 1
 start = 1 end = 0 pwm = 1
 start = 1 end = 0 pwm = 1
 start = 1 end = 0 pwm = 1
 start = 1 end = 0 pwm = 1
 start = 1 end = 0 pwm = 1
 start = 1 end = 0 pwm = 1
 start = 1 end = 0 pwm = 1
 start = 1 end = 0 pwm = 1
 start = 1 end = 0 pwm = 1
 start = 1 end = 0 pwm = 1
 start = 1 end = 0 pwm = 1
 start = 1 end = 0 pwm = 1
 start = 1 end = 0 pwm = 1
 start = 1 end = 0 pwm = 1
 start = 1 end = 0 pwm = 1
 start = 1 end = 0 pwm = 1
 start = 1 end = 0 pwm = 1
 start = 1 end = 0 pwm = 1
 start = 1 end = 0 pwm = 1
 start = 1 end = 0 pwm = 1
 start = 1 end = 0 pwm = 1
 start = 1 end = 0 pwm = 1
 start = 1 end = 0 pwm = 1
 start = 1 end = 0 pwm = 1
 start = 1 end = 0 pwm = 1
 start = 1 end = 0 pwm = 1
 start = 1 end = 0 pwm = 1
 start = 1 end = 0 pwm = 1
 start = 1 end = 0 pwm = 1
 start = 1 end = 0 pwm = 1
 start = 1 end = 0 pwm = 1
 start = 1 end = 0 pwm = 1
 start = 1 end = 0 pwm = 1
 start = 1 end = 0 pwm = 1
 start = 1 end = 0 pwm = 1
 start = 1 end = 0 pwm = 1
 start = 1 end = 0 pwm = 1
 start = 1 end = 0 pwm = 1
 start = 1 end = 0 pwm = 1
 start = 1 end = 0 pwm = 1
 start = 1 end = 0 pwm = 1
 start = 1 end = 0 pwm = 1
 start = 1 end = 1 pwm = 0
------- Second Test --------
 start = 1 end = 0 pwm = 0
 start = 1 end = 0 pwm = 1
 start = 1 end = 0 pwm = 1
 start = 1 end = 0 pwm = 1
 start = 1 end = 0 pwm = 1
 start = 1 end = 0 pwm = 0
 start = 1 end = 0 pwm = 0
 start = 1 end = 0 pwm = 0
 start = 1 end = 0 pwm = 0
 start = 1 end = 0 pwm = 0
 start = 1 end = 0 pwm = 0
 start = 1 end = 0 pwm = 0
 start = 1 end = 0 pwm = 0
 start = 1 end = 0 pwm = 0
 start = 1 end = 0 pwm = 0
 start = 1 end = 0 pwm = 0
 start = 1 end = 0 pwm = 0
 start = 1 end = 0 pwm = 0
 start = 1 end = 0 pwm = 0
 start = 1 end = 0 pwm = 0
 start = 1 end = 0 pwm = 0
 start = 1 end = 0 pwm = 1
 start = 1 end = 0 pwm = 1
 start = 1 end = 0 pwm = 1
 start = 1 end = 0 pwm = 1
 start = 1 end = 0 pwm = 1
 start = 1 end = 0 pwm = 1
 start = 1 end = 0 pwm = 1
 start = 1 end = 0 pwm = 1
 start = 1 end = 0 pwm = 1
 start = 1 end = 0 pwm = 1
 start = 1 end = 0 pwm = 1
 start = 1 end = 0 pwm = 1
 start = 1 end = 0 pwm = 1
 start = 1 end = 0 pwm = 1
 start = 1 end = 0 pwm = 1
 start = 1 end = 0 pwm = 1
 start = 1 end = 0 pwm = 1
 start = 1 end = 0 pwm = 1
 start = 1 end = 0 pwm = 1
 start = 1 end = 0 pwm = 1
 start = 1 end = 0 pwm = 1
 start = 1 end = 0 pwm = 1
 start = 1 end = 0 pwm = 1
 start = 1 end = 0 pwm = 1
 start = 1 end = 0 pwm = 1
 start = 1 end = 0 pwm = 1
 start = 1 end = 0 pwm = 1
 start = 1 end = 0 pwm = 1
 start = 1 end = 0 pwm = 1
 start = 1 end = 0 pwm = 1
 start = 1 end = 0 pwm = 1
 start = 1 end = 0 pwm = 1
 start = 1 end = 0 pwm = 1
 start = 1 end = 0 pwm = 1
 start = 1 end = 0 pwm = 1
 start = 1 end = 0 pwm = 1
 start = 1 end = 0 pwm = 1
 start = 1 end = 0 pwm = 1
 start = 1 end = 0 pwm = 1
 start = 1 end = 0 pwm = 1
 start = 1 end = 0 pwm = 1
 start = 1 end = 0 pwm = 1
 start = 1 end = 0 pwm = 1
 start = 1 end = 0 pwm = 1
 start = 1 end = 0 pwm = 1
 start = 1 end = 0 pwm = 1
 start = 1 end = 0 pwm = 1
 start = 1 end = 0 pwm = 1
 start = 1 end = 0 pwm = 1
 start = 1 end = 0 pwm = 1
 start = 1 end = 1 pwm = 0
------- Third Test --------
 start = 0 end = 0 pwm = 0
 start = 0 end = 0 pwm = 0
 start = 0 end = 0 pwm = 0
 start = 0 end = 0 pwm = 0
 start = 0 end = 0 pwm = 0
 start = 0 end = 0 pwm = 0
 start = 0 end = 0 pwm = 0
 start = 0 end = 0 pwm = 0
 start = 0 end = 0 pwm = 0
 start = 0 end = 0 pwm = 0
 start = 0 end = 0 pwm = 0
 start = 0 end = 0 pwm = 0
 start = 0 end = 0 pwm = 0
 start = 0 end = 0 pwm = 0
 start = 0 end = 0 pwm = 0
 start = 0 end = 0 pwm = 0
 start = 0 end = 0 pwm = 0
 start = 0 end = 0 pwm = 0
 start = 0 end = 0 pwm = 0
 start = 0 end = 0 pwm = 0
 start = 0 end = 0 pwm = 0
 start = 0 end = 0 pwm = 0
 start = 0 end = 0 pwm = 0
 start = 0 end = 0 pwm = 0
 start = 0 end = 0 pwm = 0
 start = 0 end = 0 pwm = 0
 start = 0 end = 0 pwm = 0
 start = 0 end = 0 pwm = 0
 start = 0 end = 0 pwm = 0
 start = 0 end = 0 pwm = 0
 start = 0 end = 0 pwm = 0
 start = 0 end = 0 pwm = 0
 start = 0 end = 0 pwm = 0
 start = 0 end = 0 pwm = 0
 start = 0 end = 0 pwm = 0
 start = 0 end = 0 pwm = 0
 start = 0 end = 0 pwm = 0
 start = 0 end = 0 pwm = 0
 start = 0 end = 0 pwm = 0
 start = 0 end = 0 pwm = 0
 start = 0 end = 0 pwm = 0
 start = 0 end = 0 pwm = 0
 start = 0 end = 0 pwm = 0
 start = 0 end = 0 pwm = 0
 start = 0 end = 0 pwm = 0
 start = 0 end = 0 pwm = 0
 start = 0 end = 0 pwm = 0
 start = 0 end = 0 pwm = 0
 start = 0 end = 0 pwm = 0
 start = 0 end = 0 pwm = 0
 start = 0 end = 0 pwm = 0
 start = 0 end = 0 pwm = 0
 start = 0 end = 0 pwm = 0
 start = 0 end = 0 pwm = 0
 start = 0 end = 0 pwm = 0
 start = 0 end = 0 pwm = 0
 start = 0 end = 0 pwm = 0
 start = 0 end = 0 pwm = 0
 start = 0 end = 0 pwm = 0
 start = 0 end = 0 pwm = 0
 start = 0 end = 0 pwm = 0
 start = 0 end = 0 pwm = 0
 start = 0 end = 0 pwm = 0
 start = 0 end = 0 pwm = 0
 start = 0 end = 0 pwm = 0
 start = 0 end = 0 pwm = 0
 start = 0 end = 0 pwm = 0
 start = 0 end = 0 pwm = 0
 start = 0 end = 0 pwm = 0
 start = 0 end = 0 pwm = 0
 start = 0 end = 0 pwm = 0
 start = 0 end = 0 pwm = 0
INFO: [SIM 1] CSim done with 0 errors.
INFO: [SIM 3] *************** CSIM finish ***************
