INFO: [HLS 200-10] Running '/tools/Xilinx/Vitis_HLS/2020.2/bin/unwrapped/lnx64.o/vitis_hls'
INFO: [HLS 200-10] For user 'mxmont' on host 'HALx1' (Linux_x86_64 version 5.8.0-48-generic) on Tue Apr 13 22:47:16 -04 2021
INFO: [HLS 200-10] On os Ubuntu 20.04.1 LTS
INFO: [HLS 200-10] In directory '/home/mxmont/Documents/Universidad/TESIS/ChipVerification/HLS/part2/DFF_LAB1'
Sourcing Tcl script '/home/mxmont/Documents/Universidad/TESIS/ChipVerification/HLS/part2/DFF_LAB1/DFF/solution1/cosim.tcl'
INFO: [HLS 200-1510] Running: open_project DFF 
INFO: [HLS 200-10] Opening project '/home/mxmont/Documents/Universidad/TESIS/ChipVerification/HLS/part2/DFF_LAB1/DFF'.
INFO: [HLS 200-1510] Running: set_top DFF 
INFO: [HLS 200-1510] Running: add_files DFF/dff.h 
INFO: [HLS 200-10] Adding design file 'DFF/dff.h' to the project
INFO: [HLS 200-1510] Running: add_files DFF/dff.cpp 
INFO: [HLS 200-10] Adding design file 'DFF/dff.cpp' to the project
INFO: [HLS 200-1510] Running: add_files -tb DFF/dff-tb.h -cflags -Wno-unknown-pragmas -csimflags -Wno-unknown-pragmas 
INFO: [HLS 200-10] Adding test bench file 'DFF/dff-tb.h' to the project
INFO: [HLS 200-1510] Running: add_files -tb DFF/dff-tb.cpp -cflags -Wno-unknown-pragmas -csimflags -Wno-unknown-pragmas 
INFO: [HLS 200-10] Adding test bench file 'DFF/dff-tb.cpp' to the project
INFO: [HLS 200-1510] Running: open_solution solution1 -flow_target vivado 
INFO: [HLS 200-10] Opening solution '/home/mxmont/Documents/Universidad/TESIS/ChipVerification/HLS/part2/DFF_LAB1/DFF/solution1'.
INFO: [SYN 201-201] Setting up clock 'default' with a period of 10ns.
INFO: [HLS 200-10] Setting target device to 'xc7a200t-fbg676-2'
INFO: [HLS 200-1505] Using flow_target 'vivado'
Resolution: For help on HLS 200-1505 see www.xilinx.com/cgi-bin/docs/rdoc?v=2020.2;t=hls+guidance;d=200-1505.html
INFO: [HLS 200-1464] Running solution command: config_export -format=sysgen
INFO: [HLS 200-1464] Running solution command: config_export -rtl=verilog
INFO: [HLS 200-1510] Running: set_part xc7a200t-fbg676-2 
INFO: [HLS 200-1510] Running: create_clock -period 10 -name default 
INFO: [HLS 200-1510] Running: config_export -format sysgen -rtl verilog 
INFO: [HLS 200-1510] Running: set_directive_top -name DFF DFF 
INFO: [HLS 200-1510] Running: cosim_design -trace_level all 
INFO: [COSIM 212-47] Using XSIM for RTL simulation.
INFO: [COSIM 212-14] Instrumenting C test bench ...
   Build using "/tools/Xilinx/Vitis_HLS/2020.2/tps/lnx64/gcc-6.2.0/bin/g++"
   Compiling dff-tb.cpp_pre.cpp.tb.cpp
   Compiling dff.cpp_pre.cpp.tb.cpp
   Compiling apatb_DFF.cpp
   Compiling apatb_DFF_ir.ll
   Generating cosim.tv.exe
INFO: [COSIM 212-302] Starting C TB testing ... 
d | q1, q2, q3 
---------------
1| 1, 0, 0
1| 1, 1, 0
0| 0, 1, 1
1| 1, 0, 1
0| 0, 1, 0
INFO: [COSIM 212-333] Generating C post check test bench ...
INFO: [COSIM 212-12] Generating RTL test bench ...
INFO: [COSIM 212-1] *** C/RTL co-simulation file generation completed. ***
INFO: [COSIM 212-323] Starting verilog simulation. 
INFO: [COSIM 212-15] Starting XSIM ...
Vivado Simulator 2020.2
Copyright 1986-1999, 2001-2020 Xilinx, Inc. All Rights Reserved.
Running: /tools/Xilinx/Vivado/2020.2/bin/unwrapped/lnx64.o/xelab xil_defaultlib.apatb_DFF_top glbl -prj DFF.prj -L smartconnect_v1_0 -L axi_protocol_checker_v1_1_12 -L axi_protocol_checker_v1_1_13 -L axis_protocol_checker_v1_1_11 -L axis_protocol_checker_v1_1_12 -L xil_defaultlib -L unisims_ver -L xpm -L floating_point_v7_0_18 -L floating_point_v7_1_11 --lib ieee_proposed=./ieee_proposed -s DFF -debug wave 
Multi-threading is on. Using 6 slave threads.
WARNING: [XSIM 43-3431] One or more environment variables have been detected which affect the operation of the C compiler. These are typically not set in standard installations and are not tested by Xilinx, however they may be appropriate for your system, so the flow will attempt to continue.  If errors occur, try running xelab with the "-mt off -v 1" switches to see more information from the C compiler. The following environment variables have been detected:
    LIBRARY_PATH
INFO: [VRFC 10-2263] Analyzing SystemVerilog file "/home/mxmont/Documents/Universidad/TESIS/ChipVerification/HLS/part2/DFF_LAB1/DFF/solution1/sim/verilog/glbl.v" into library work
INFO: [VRFC 10-311] analyzing module glbl
INFO: [VRFC 10-2263] Analyzing SystemVerilog file "/home/mxmont/Documents/Universidad/TESIS/ChipVerification/HLS/part2/DFF_LAB1/DFF/solution1/sim/verilog/DFF.autotb.v" into library xil_defaultlib
INFO: [VRFC 10-311] analyzing module apatb_DFF_top
INFO: [VRFC 10-2263] Analyzing SystemVerilog file "/home/mxmont/Documents/Universidad/TESIS/ChipVerification/HLS/part2/DFF_LAB1/DFF/solution1/sim/verilog/DFF.v" into library xil_defaultlib
INFO: [VRFC 10-311] analyzing module DFF
INFO: [VRFC 10-2263] Analyzing SystemVerilog file "/home/mxmont/Documents/Universidad/TESIS/ChipVerification/HLS/part2/DFF_LAB1/DFF/solution1/sim/verilog/nodf_module_monitor.sv" into library xil_defaultlib
INFO: [VRFC 10-2263] Analyzing SystemVerilog file "/home/mxmont/Documents/Universidad/TESIS/ChipVerification/HLS/part2/DFF_LAB1/DFF/solution1/sim/verilog/sample_manager.sv" into library xil_defaultlib
INFO: [VRFC 10-2263] Analyzing SystemVerilog file "/home/mxmont/Documents/Universidad/TESIS/ChipVerification/HLS/part2/DFF_LAB1/DFF/solution1/sim/verilog/dataflow_monitor.sv" into library xil_defaultlib
WARNING: [VRFC 10-3609] overwriting previous definition of interface 'nodf_module_intf' [nodf_module_interface.sv:4]
INFO: [VRFC 10-311] analyzing module dataflow_monitor
INFO: [VRFC 10-2263] Analyzing SystemVerilog file "/home/mxmont/Documents/Universidad/TESIS/ChipVerification/HLS/part2/DFF_LAB1/DFF/solution1/sim/verilog/dump_file_agent.sv" into library xil_defaultlib
INFO: [VRFC 10-2263] Analyzing SystemVerilog file "/home/mxmont/Documents/Universidad/TESIS/ChipVerification/HLS/part2/DFF_LAB1/DFF/solution1/sim/verilog/df_process_monitor.sv" into library xil_defaultlib
WARNING: [VRFC 10-3609] overwriting previous definition of interface 'df_process_intf' [df_process_interface.sv:4]
INFO: [VRFC 10-2263] Analyzing SystemVerilog file "/home/mxmont/Documents/Universidad/TESIS/ChipVerification/HLS/part2/DFF_LAB1/DFF/solution1/sim/verilog/df_fifo_interface.sv" into library xil_defaultlib
WARNING: [VRFC 10-3609] overwriting previous definition of interface 'df_fifo_intf' [/home/mxmont/Documents/Universidad/TESIS/ChipVerification/HLS/part2/DFF_LAB1/DFF/solution1/sim/verilog/df_fifo_interface.sv:4]
INFO: [VRFC 10-2263] Analyzing SystemVerilog file "/home/mxmont/Documents/Universidad/TESIS/ChipVerification/HLS/part2/DFF_LAB1/DFF/solution1/sim/verilog/df_fifo_monitor.sv" into library xil_defaultlib
WARNING: [VRFC 10-3609] overwriting previous definition of interface 'df_fifo_intf' [/home/mxmont/Documents/Universidad/TESIS/ChipVerification/HLS/part2/DFF_LAB1/DFF/solution1/sim/verilog/df_fifo_interface.sv:4]
INFO: [VRFC 10-2263] Analyzing SystemVerilog file "/home/mxmont/Documents/Universidad/TESIS/ChipVerification/HLS/part2/DFF_LAB1/DFF/solution1/sim/verilog/df_process_interface.sv" into library xil_defaultlib
WARNING: [VRFC 10-3609] overwriting previous definition of interface 'df_process_intf' [/home/mxmont/Documents/Universidad/TESIS/ChipVerification/HLS/part2/DFF_LAB1/DFF/solution1/sim/verilog/df_process_interface.sv:4]
INFO: [VRFC 10-2263] Analyzing SystemVerilog file "/home/mxmont/Documents/Universidad/TESIS/ChipVerification/HLS/part2/DFF_LAB1/DFF/solution1/sim/verilog/nodf_module_interface.sv" into library xil_defaultlib
WARNING: [VRFC 10-3609] overwriting previous definition of interface 'nodf_module_intf' [/home/mxmont/Documents/Universidad/TESIS/ChipVerification/HLS/part2/DFF_LAB1/DFF/solution1/sim/verilog/nodf_module_interface.sv:4]
INFO: [VRFC 10-2263] Analyzing SystemVerilog file "/home/mxmont/Documents/Universidad/TESIS/ChipVerification/HLS/part2/DFF_LAB1/DFF/solution1/sim/verilog/csv_file_dump.sv" into library xil_defaultlib
INFO: [VRFC 10-2263] Analyzing SystemVerilog file "/home/mxmont/Documents/Universidad/TESIS/ChipVerification/HLS/part2/DFF_LAB1/DFF/solution1/sim/verilog/sample_agent.sv" into library xil_defaultlib
Starting static elaboration
Pass Through NonSizing Optimizer
Completed static elaboration
Starting simulation data flow analysis
Completed simulation data flow analysis
Time Resolution for simulation is 1ps
Compiling package xil_defaultlib.$unit_dataflow_monitor_sv
Compiling module xil_defaultlib.DFF
Compiling module xil_defaultlib.nodf_module_intf
Compiling module xil_defaultlib.dataflow_monitor
Compiling module xil_defaultlib.apatb_DFF_top
Compiling module work.glbl
Built simulation snapshot DFF

****** Webtalk v2020.2 (64-bit)
  **** SW Build 3064766 on Wed Nov 18 09:12:47 MST 2020
  **** IP Build 3064653 on Wed Nov 18 14:17:31 MST 2020
    ** Copyright 1986-2020 Xilinx, Inc. All Rights Reserved.

source /home/mxmont/Documents/Universidad/TESIS/ChipVerification/HLS/part2/DFF_LAB1/DFF/solution1/sim/verilog/xsim.dir/DFF/webtalk/xsim_webtalk.tcl -notrace
INFO: [Common 17-206] Exiting Webtalk at Tue Apr 13 22:47:32 2021...

****** xsim v2020.2 (64-bit)
  **** SW Build 3064766 on Wed Nov 18 09:12:47 MST 2020
  **** IP Build 3064653 on Wed Nov 18 14:17:31 MST 2020
    ** Copyright 1986-2020 Xilinx, Inc. All Rights Reserved.

source xsim.dir/DFF/xsim_script.tcl
# xsim {DFF} -view {{DFF_dataflow_ana.wcfg}} -tclbatch {DFF.tcl} -protoinst {DFF.protoinst}
Vivado Simulator 2020.2
INFO: [Wavedata 42-565] Reading protoinst file DFF.protoinst
Time resolution is 1 ps
open_wave_config DFF_dataflow_ana.wcfg
source DFF.tcl
## log_wave -r /
WARNING: [Simtcl 6-197] One or more HDL objects could not be logged because of object type or size limitations.  To see details please rerun the command with -verbose (-v).
## set designtopgroup [add_wave_group "Design Top Signals"]
## set coutputgroup [add_wave_group "C Outputs" -into $designtopgroup]
## set q3_group [add_wave_group q3(wire) -into $coutputgroup]
## add_wave /apatb_DFF_top/AESL_inst_DFF/q3 -into $q3_group -radix hex
## set q2_group [add_wave_group q2(wire) -into $coutputgroup]
## add_wave /apatb_DFF_top/AESL_inst_DFF/q2 -into $q2_group -radix hex
## set q1_group [add_wave_group q1(wire) -into $coutputgroup]
## add_wave /apatb_DFF_top/AESL_inst_DFF/q1 -into $q1_group -radix hex
## set cinputgroup [add_wave_group "C Inputs" -into $designtopgroup]
## set d_group [add_wave_group d(wire) -into $cinputgroup]
## add_wave /apatb_DFF_top/AESL_inst_DFF/d -into $d_group -radix hex
## set resetgroup [add_wave_group "Reset" -into $designtopgroup]
## add_wave /apatb_DFF_top/AESL_inst_DFF/ap_rst -into $resetgroup
## set clockgroup [add_wave_group "Clock" -into $designtopgroup]
## add_wave /apatb_DFF_top/AESL_inst_DFF/ap_clk -into $clockgroup
## set testbenchgroup [add_wave_group "Test Bench Signals"]
## set tbinternalsiggroup [add_wave_group "Internal Signals" -into $testbenchgroup]
## set tb_simstatus_group [add_wave_group "Simulation Status" -into $tbinternalsiggroup]
## set tb_portdepth_group [add_wave_group "Port Depth" -into $tbinternalsiggroup]
## add_wave /apatb_DFF_top/AUTOTB_TRANSACTION_NUM -into $tb_simstatus_group -radix hex
## add_wave /apatb_DFF_top/ready_cnt -into $tb_simstatus_group -radix hex
## add_wave /apatb_DFF_top/done_cnt -into $tb_simstatus_group -radix hex
## add_wave /apatb_DFF_top/LENGTH_d -into $tb_portdepth_group -radix hex
## add_wave /apatb_DFF_top/LENGTH_q1 -into $tb_portdepth_group -radix hex
## add_wave /apatb_DFF_top/LENGTH_q2 -into $tb_portdepth_group -radix hex
## add_wave /apatb_DFF_top/LENGTH_q3 -into $tb_portdepth_group -radix hex
## set tbcoutputgroup [add_wave_group "C Outputs" -into $testbenchgroup]
## set tb_q3_group [add_wave_group q3(wire) -into $tbcoutputgroup]
## add_wave /apatb_DFF_top/q3 -into $tb_q3_group -radix hex
## set tb_q2_group [add_wave_group q2(wire) -into $tbcoutputgroup]
## add_wave /apatb_DFF_top/q2 -into $tb_q2_group -radix hex
## set tb_q1_group [add_wave_group q1(wire) -into $tbcoutputgroup]
## add_wave /apatb_DFF_top/q1 -into $tb_q1_group -radix hex
## set tbcinputgroup [add_wave_group "C Inputs" -into $testbenchgroup]
## set tb_d_group [add_wave_group d(wire) -into $tbcinputgroup]
## add_wave /apatb_DFF_top/d -into $tb_d_group -radix hex
## save_wave_config DFF.wcfg
## run all
////////////////////////////////////////////////////////////////////////////////////
// Inter-Transaction Progress: Completed Transaction / Total Transaction
// Intra-Transaction Progress: Measured Latency / Latency Estimation * 100%
//
// RTL Simulation : "Inter-Transaction Progress" ["Intra-Transaction Progress"] @ "Simulation Time"
////////////////////////////////////////////////////////////////////////////////////
// RTL Simulation : 0 / 5 [n/a] @ "125000"
// RTL Simulation : 1 / 5 [n/a] @ "145000"
// RTL Simulation : 2 / 5 [n/a] @ "155000"
// RTL Simulation : 3 / 5 [n/a] @ "165000"
// RTL Simulation : 4 / 5 [n/a] @ "175000"
// RTL Simulation : 5 / 5 [n/a] @ "185000"
////////////////////////////////////////////////////////////////////////////////////
$finish called at time : 215 ns : File "/home/mxmont/Documents/Universidad/TESIS/ChipVerification/HLS/part2/DFF_LAB1/DFF/solution1/sim/verilog/DFF.autotb.v" Line 353
## quit
INFO: [Common 17-206] Exiting xsim at Tue Apr 13 22:47:47 2021...
INFO: [COSIM 212-316] Starting C post checking ...
d | q1, q2, q3 
---------------
1| 1, 0, 0
1| 1, 1, 0
0| 0, 1, 1
1| 1, 0, 1
0| 0, 1, 0
INFO: [COSIM 212-1000] *** C/RTL co-simulation finished: PASS ***
INFO: [HLS 200-111] Finished Command cosim_design CPU user time: 25.5 seconds. CPU system time: 2.08 seconds. Elapsed time: 29.42 seconds; current allocated memory: 88.608 MB.
