INFO: [HLS 200-10] Running '/tools/Xilinx/Vitis_HLS/2020.2/bin/unwrapped/lnx64.o/vitis_hls'
INFO: [HLS 200-10] For user 'mxmont' on host 'HALx1' (Linux_x86_64 version 5.8.0-50-generic) on Fri May 07 22:01:30 -04 2021
INFO: [HLS 200-10] On os Ubuntu 20.04.1 LTS
INFO: [HLS 200-10] In directory '/home/mxmont/Documents/Universidad/TESIS/ChipVerification/HLS/part2/Counter'
Sourcing Tcl script '/home/mxmont/Documents/Universidad/TESIS/ChipVerification/HLS/part2/Counter/Counter/solution1/csim.tcl'
INFO: [HLS 200-1510] Running: open_project Counter 
INFO: [HLS 200-10] Opening project '/home/mxmont/Documents/Universidad/TESIS/ChipVerification/HLS/part2/Counter/Counter'.
INFO: [HLS 200-1510] Running: set_top counter 
INFO: [HLS 200-1510] Running: add_files Counter/counter.cpp 
INFO: [HLS 200-10] Adding design file 'Counter/counter.cpp' to the project
INFO: [HLS 200-1510] Running: add_files Counter/counter.h 
INFO: [HLS 200-10] Adding design file 'Counter/counter.h' to the project
INFO: [HLS 200-1510] Running: add_files -tb Counter/counter_tb.cpp 
INFO: [HLS 200-10] Adding test bench file 'Counter/counter_tb.cpp' to the project
INFO: [HLS 200-1510] Running: add_files -tb Counter/counter_tb.h 
INFO: [HLS 200-10] Adding test bench file 'Counter/counter_tb.h' to the project
INFO: [HLS 200-1510] Running: open_solution solution1 -flow_target vivado 
INFO: [HLS 200-10] Opening solution '/home/mxmont/Documents/Universidad/TESIS/ChipVerification/HLS/part2/Counter/Counter/solution1'.
INFO: [SYN 201-201] Setting up clock 'default' with a period of 10ns.
INFO: [HLS 200-10] Setting target device to 'xcvu11p-flga2577-1-e'
INFO: [HLS 200-1505] Using flow_target 'vivado'
Resolution: For help on HLS 200-1505 see www.xilinx.com/cgi-bin/docs/rdoc?v=2020.2;t=hls+guidance;d=200-1505.html
INFO: [HLS 200-1510] Running: set_part xcvu11p-flga2577-1-e 
INFO: [HLS 200-1510] Running: create_clock -period 10 -name default 
INFO: [SYN 201-201] Setting up clock 'default' with a period of 10ns.
INFO: [HLS 200-1510] Running: csim_design -quiet 
INFO: [SIM 211-2] *************** CSIM start ***************
INFO: [SIM 211-4] CSIM will launch GCC as the compiler.
   Compiling ../../../counter.cpp in debug mode
   Generating csim.exe
Test Start
 sw = 1 | number_out = 1
 sw = 0 | number_out = 1
 sw = 1 | number_out = 2
 sw = 0 | number_out = 2
 sw = 1 | number_out = 3
 sw = 0 | number_out = 3
 sw = 1 | number_out = 4
 sw = 0 | number_out = 4
 sw = 1 | number_out = 5
 sw = 0 | number_out = 5
 sw = 1 | number_out = 6
 sw = 0 | number_out = 6
 sw = 1 | number_out = 7
 sw = 0 | number_out = 7
 sw = 1 | number_out = 8
 sw = 0 | number_out = 8
 sw = 1 | number_out = 9
 sw = 0 | number_out = 9
 sw = 1 | number_out = 0
 sw = 0 | number_out = 0
INFO: [SIM 211-1] CSim done with 0 errors.
INFO: [SIM 211-3] *************** CSIM finish ***************
INFO: [HLS 200-111] Finished Command csim_design CPU user time: 1.69 seconds. CPU system time: 0.4 seconds. Elapsed time: 1.85 seconds; current allocated memory: 206.828 MB.
