#! /usr/bin/vvp
:ivl_version "10.3 (stable)";
:ivl_delay_selection "TYPICAL";
:vpi_time_precision - 12;
:vpi_module "system";
:vpi_module "vhdl_sys";
:vpi_module "v2005_math";
:vpi_module "va_math";
S_0x556450b7e220 .scope module, "ADC_test" "ADC_test" 2 3;
 .timescale -9 -12;
v0x556450b97000_0 .net "adc_clk", 0 0, v0x556450b6b1c0_0;  1 drivers
v0x556450b970c0_0 .var "bn", 13 0;
v0x556450b97190_0 .var "clk", 0 0;
v0x556450b97290_0 .var "rst", 0 0;
v0x556450b97360_0 .net "trigger", 0 0, v0x556450b96dc0_0;  1 drivers
v0x556450b97400_0 .var "we", 0 0;
E_0x556450b78f80 .event negedge, v0x556450b95980_0;
S_0x556450b7e3c0 .scope module, "dut" "ADC" 2 13, 3 4 0, S_0x556450b7e220;
 .timescale -9 -12;
    .port_info 0 /INPUT 1 "clk"
    .port_info 1 /INPUT 1 "rst"
    .port_info 2 /INPUT 1 "we"
    .port_info 3 /INPUT 14 "bn"
    .port_info 4 /OUTPUT 1 "adc_clk"
    .port_info 5 /OUTPUT 1 "trigger"
P_0x556450b410a0 .param/l "adc_setting_cycles" 1 3 22, +C4<00000000000000000000000001100100>;
P_0x556450b410e0 .param/l "clk_div" 1 3 25, +C4<00000000000000000000000000010100>;
P_0x556450b41120 .param/l "cycles_for_s1" 1 3 28, +C4<00000000000000000000000000010100>;
P_0x556450b41160 .param/l "cycles_for_s2" 1 3 29, +C4<00000000000000000000000000010011>;
P_0x556450b411a0 .param/l "cycles_for_s3" 1 3 30, +C4<00000000000000000000000000010010>;
P_0x556450b411e0 .param/l "cycles_for_s4" 1 3 31, +C4<00000000000000000000000000010001>;
P_0x556450b41220 .param/l "cycles_for_s5" 1 3 32, +C4<00000000000000000000000000010000>;
v0x556450b6b1c0_0 .var "adc_clk", 0 0;
v0x556450b958a0_0 .net "bn", 13 0, v0x556450b970c0_0;  1 drivers
v0x556450b95980_0 .net "clk", 0 0, v0x556450b97190_0;  1 drivers
v0x556450b95a50_0 .var "internal_count", 10 0;
v0x556450b95b30_0 .net "rst", 0 0, v0x556450b97290_0;  1 drivers
v0x556450b95c40_0 .var "s1_1", 13 0;
v0x556450b95d20_0 .var "s1_2", 13 0;
v0x556450b95e00_0 .var "s1_3", 13 0;
v0x556450b95ee0_0 .var "s1_4", 13 0;
v0x556450b95fc0_0 .var "s2_1", 13 0;
v0x556450b960a0_0 .var "s2_2", 13 0;
v0x556450b96180_0 .var "s2_3", 13 0;
v0x556450b96260_0 .var "s2_4", 13 0;
v0x556450b96340_0 .var "s3_1", 13 0;
v0x556450b96420_0 .var "s3_2", 13 0;
v0x556450b96500_0 .var "s3_3", 13 0;
v0x556450b965e0_0 .var "s3_4", 13 0;
v0x556450b966c0_0 .var "s4_1", 13 0;
v0x556450b967a0_0 .var "s4_2", 13 0;
v0x556450b96880_0 .var "s4_3", 13 0;
v0x556450b96960_0 .var "s4_4", 13 0;
v0x556450b96a40_0 .var "s5_1", 13 0;
v0x556450b96b20_0 .var "s5_2", 13 0;
v0x556450b96c00_0 .var "s5_3", 13 0;
v0x556450b96ce0_0 .var "s5_4", 13 0;
v0x556450b96dc0_0 .var "trigger", 0 0;
v0x556450b96e80_0 .net "we", 0 0, v0x556450b97400_0;  1 drivers
E_0x556450b791e0 .event posedge, v0x556450b95980_0;
    .scope S_0x556450b7e3c0;
T_0 ;
    %pushi/vec4 0, 0, 11;
    %store/vec4 v0x556450b95a50_0, 0, 11;
    %end;
    .thread T_0;
    .scope S_0x556450b7e3c0;
T_1 ;
    %wait E_0x556450b791e0;
    %load/vec4 v0x556450b95b30_0;
    %flag_set/vec4 8;
    %jmp/0xz  T_1.0, 8;
    %pushi/vec4 0, 0, 1;
    %assign/vec4 v0x556450b6b1c0_0, 0;
    %pushi/vec4 0, 0, 1;
    %assign/vec4 v0x556450b96dc0_0, 0;
    %pushi/vec4 0, 0, 14;
    %assign/vec4 v0x556450b95c40_0, 0;
    %pushi/vec4 0, 0, 14;
    %assign/vec4 v0x556450b95d20_0, 0;
    %pushi/vec4 0, 0, 14;
    %assign/vec4 v0x556450b95e00_0, 0;
    %pushi/vec4 0, 0, 14;
    %assign/vec4 v0x556450b95ee0_0, 0;
    %pushi/vec4 0, 0, 14;
    %assign/vec4 v0x556450b95fc0_0, 0;
    %pushi/vec4 0, 0, 14;
    %assign/vec4 v0x556450b960a0_0, 0;
    %pushi/vec4 0, 0, 14;
    %assign/vec4 v0x556450b96180_0, 0;
    %pushi/vec4 0, 0, 14;
    %assign/vec4 v0x556450b96260_0, 0;
    %pushi/vec4 0, 0, 14;
    %assign/vec4 v0x556450b96340_0, 0;
    %pushi/vec4 0, 0, 14;
    %assign/vec4 v0x556450b96420_0, 0;
    %pushi/vec4 0, 0, 14;
    %assign/vec4 v0x556450b96500_0, 0;
    %pushi/vec4 0, 0, 14;
    %assign/vec4 v0x556450b965e0_0, 0;
    %pushi/vec4 0, 0, 14;
    %assign/vec4 v0x556450b966c0_0, 0;
    %pushi/vec4 0, 0, 14;
    %assign/vec4 v0x556450b967a0_0, 0;
    %pushi/vec4 0, 0, 14;
    %assign/vec4 v0x556450b96880_0, 0;
    %pushi/vec4 0, 0, 14;
    %assign/vec4 v0x556450b96960_0, 0;
    %pushi/vec4 0, 0, 14;
    %assign/vec4 v0x556450b96a40_0, 0;
    %pushi/vec4 0, 0, 14;
    %assign/vec4 v0x556450b96b20_0, 0;
    %pushi/vec4 0, 0, 14;
    %assign/vec4 v0x556450b96c00_0, 0;
    %pushi/vec4 0, 0, 14;
    %assign/vec4 v0x556450b96ce0_0, 0;
    %jmp T_1.1;
T_1.0 ;
    %load/vec4 v0x556450b96e80_0;
    %flag_set/vec4 8;
    %jmp/0xz  T_1.2, 8;
    %load/vec4 v0x556450b95a50_0;
    %addi 1, 0, 11;
    %store/vec4 v0x556450b95a50_0, 0, 11;
    %load/vec4 v0x556450b95a50_0;
    %pad/u 32;
    %cmpi/u 10, 0, 32;
    %jmp/0xz  T_1.4, 5;
    %pushi/vec4 0, 0, 1;
    %assign/vec4 v0x556450b6b1c0_0, 0;
T_1.4 ;
    %pushi/vec4 10, 0, 32;
    %load/vec4 v0x556450b95a50_0;
    %pad/u 32;
    %cmp/u;
    %jmp/0xz  T_1.6, 5;
    %pushi/vec4 1, 0, 1;
    %assign/vec4 v0x556450b6b1c0_0, 0;
    %load/vec4 v0x556450b95a50_0;
    %pad/u 32;
    %cmpi/e 20, 0, 32;
    %jmp/0xz  T_1.8, 4;
    %pushi/vec4 0, 0, 11;
    %assign/vec4 v0x556450b95a50_0, 0;
T_1.8 ;
T_1.6 ;
T_1.2 ;
T_1.1 ;
    %jmp T_1;
    .thread T_1;
    .scope S_0x556450b7e220;
T_2 ;
    %pushi/vec4 0, 0, 1;
    %store/vec4 v0x556450b97190_0, 0, 1;
    %pushi/vec4 0, 0, 1;
    %store/vec4 v0x556450b97290_0, 0, 1;
    %pushi/vec4 1, 0, 1;
    %store/vec4 v0x556450b97400_0, 0, 1;
    %pushi/vec4 0, 0, 14;
    %store/vec4 v0x556450b970c0_0, 0, 14;
    %end;
    .thread T_2;
    .scope S_0x556450b7e220;
T_3 ;
    %delay 2500, 0;
    %load/vec4 v0x556450b97190_0;
    %inv;
    %store/vec4 v0x556450b97190_0, 0, 1;
    %jmp T_3;
    .thread T_3;
    .scope S_0x556450b7e220;
T_4 ;
    %pushi/vec4 1, 0, 1;
    %store/vec4 v0x556450b97290_0, 0, 1;
    %wait E_0x556450b78f80;
    %pushi/vec4 0, 0, 1;
    %store/vec4 v0x556450b97290_0, 0, 1;
    %pushi/vec4 1, 0, 1;
    %store/vec4 v0x556450b97400_0, 0, 1;
    %delay 630000, 0;
    %vpi_call 2 39 "$finish" {0 0 0};
    %end;
    .thread T_4;
    .scope S_0x556450b7e220;
T_5 ;
    %vpi_call 2 46 "$dumpfile", "ADC.vcd" {0 0 0};
    %vpi_call 2 47 "$dumpvars" {0 0 0};
    %end;
    .thread T_5;
# The file index is used to find the file name in the following table.
:file_names 4;
    "N/A";
    "<interactive>";
    "tb_ADC_ip.v";
    "ADC_ip.v";
