

================================================================
== Vitis HLS Report for 'DFF_REG'
================================================================
* Date:           Thu Apr 15 19:00:33 2021

* Version:        2020.2 (Build 3064766 on Wed Nov 18 09:12:47 MST 2020)
* Project:        DFF_REG
* Solution:       solution1 (Vivado IP Flow Target)
* Product family: zynquplus
* Target device:  xczu49dr-ffvf1760-2-e


================================================================
== Performance Estimates
================================================================
+ Timing: 
    * Summary: 
    +--------+----------+----------+------------+
    |  Clock |  Target  | Estimated| Uncertainty|
    +--------+----------+----------+------------+
    |ap_clk  |  10.00 ns|  0.287 ns|     2.70 ns|
    +--------+----------+----------+------------+

+ Latency: 
    * Summary: 
    +---------+---------+----------+----------+-----+-----+---------+
    |  Latency (cycles) |  Latency (absolute) |  Interval | Pipeline|
    |   min   |   max   |    min   |    max   | min | max |   Type  |
    +---------+---------+----------+----------+-----+-----+---------+
    |        0|        0|      0 ns|      0 ns|    1|    1|     none|
    +---------+---------+----------+----------+-----+-----+---------+

    + Detail: 
        * Instance: 
        N/A

        * Loop: 
        N/A

============================================================
+ Verbose Summary: Synthesis Manager
============================================================
InlineROM: 1
ExposeGlobal: 0
============================================================
+ Verbose Summary: CDFG Model
============================================================
IsTopModel: 1
ResetActiveHigh: 1
IsCombinational: 0
IsDatapathOnly: 0
HasWiredReturn: 1
HasMFsm: 0
HasVarLatency: 0
IsPipeline: 0
IsRtlPipelined: 0
IsInstanceOverlapped: 0
IsDontTouch: 0
HasImplIP: 0
IsGatedGlobalClock: 0


============================================================
+ Verbose Summary: Schedule
============================================================
* Number of FSM states : 1
* Pipeline : 0
* Dataflow Pipeline: 0

* FSM state transitions: 
1 --> 

* FSM state operations: 

State 1 <SV = 0> <Delay = 0.28>
ST_1 : Operation 2 [1/1] (0.00ns)   --->   "%spectopmodule_ln0 = spectopmodule void @_ssdm_op_SpecTopModule, void @empty_1"   --->   Operation 2 'spectopmodule' 'spectopmodule_ln0' <Predicate = true> <Delay = 0.00>
ST_1 : Operation 3 [1/1] (0.00ns)   --->   "%specinterface_ln0 = specinterface void @_ssdm_op_SpecInterface, i32 0, void @empty_2, i32 0, i32 0, void @empty_0, i32 0, i32 0, void @empty_0, void @empty_0, void @empty_0, i32 0, i32 0, i32 0, i32 0, void @empty_0, void @empty_0"   --->   Operation 3 'specinterface' 'specinterface_ln0' <Predicate = true> <Delay = 0.00>
ST_1 : Operation 4 [1/1] (0.00ns)   --->   "%specbitsmap_ln0 = specbitsmap void @_ssdm_op_SpecBitsMap, i1 %d"   --->   Operation 4 'specbitsmap' 'specbitsmap_ln0' <Predicate = true> <Delay = 0.00>
ST_1 : Operation 5 [1/1] (0.00ns)   --->   "%specinterface_ln0 = specinterface void @_ssdm_op_SpecInterface, i1 %d, void @empty, i32 0, i32 0, void @empty_0, i32 0, i32 0, void @empty_0, void @empty_0, void @empty_0, i32 0, i32 0, i32 0, i32 0, void @empty_0, void @empty_0"   --->   Operation 5 'specinterface' 'specinterface_ln0' <Predicate = true> <Delay = 0.00>
ST_1 : Operation 6 [1/1] (0.00ns)   --->   "%specbitsmap_ln0 = specbitsmap void @_ssdm_op_SpecBitsMap, i3 %q"   --->   Operation 6 'specbitsmap' 'specbitsmap_ln0' <Predicate = true> <Delay = 0.00>
ST_1 : Operation 7 [1/1] (0.00ns)   --->   "%specinterface_ln0 = specinterface void @_ssdm_op_SpecInterface, i3 %q, void @empty, i32 0, i32 0, void @empty_0, i32 0, i32 0, void @empty_0, void @empty_0, void @empty_0, i32 0, i32 0, i32 0, i32 0, void @empty_0, void @empty_0"   --->   Operation 7 'specinterface' 'specinterface_ln0' <Predicate = true> <Delay = 0.00>
ST_1 : Operation 8 [1/1] (0.00ns)   --->   "%d_read = read i1 @_ssdm_op_Read.ap_none.i1, i1 %d" [DFF_REG/DFF_REG.cpp:4]   --->   Operation 8 'read' 'd_read' <Predicate = true> <Delay = 0.00>
ST_1 : Operation 9 [1/1] (0.00ns)   --->   "%p_Val2_s = load i3 %reg_V"   --->   Operation 9 'load' 'p_Val2_s' <Predicate = true> <Delay = 0.00>
ST_1 : Operation 10 [1/1] (0.28ns)   --->   "%p_Repl2_s = xor i1 %d_read, i1 1"   --->   Operation 10 'xor' 'p_Repl2_s' <Predicate = true> <Delay = 0.28> <CoreInst = "LogicGate">   --->   Core 74 'LogicGate' <Latency = 0> <II = 1> <Delay = 0.28> <FuncUnit> <Opcode : 'and' 'or' 'xor'> <InPorts = 2> <OutPorts = 1>
ST_1 : Operation 11 [1/1] (0.00ns)   --->   "%tmp = bitconcatenate i2 @_ssdm_op_BitConcatenate.i2.i1.i1, i1 %d_read, i1 %p_Repl2_s"   --->   Operation 11 'bitconcatenate' 'tmp' <Predicate = true> <Delay = 0.00>
ST_1 : Operation 12 [1/1] (0.00ns)   --->   "%p_Result_s = partset i3 @_ssdm_op_PartSet.i3.i3.i2.i32.i32, i3 %p_Val2_s, i2 %tmp, i32 1, i32 2"   --->   Operation 12 'partset' 'p_Result_s' <Predicate = true> <Delay = 0.00>
ST_1 : Operation 13 [1/1] (0.00ns)   --->   "%store_ln838 = store i3 %p_Result_s, i3 %reg_V"   --->   Operation 13 'store' 'store_ln838' <Predicate = true> <Delay = 0.00>
ST_1 : Operation 14 [1/1] (0.00ns)   --->   "%write_ln18 = write void @_ssdm_op_Write.ap_none.i3P0A, i3 %q, i3 %p_Result_s" [DFF_REG/DFF_REG.cpp:18]   --->   Operation 14 'write' 'write_ln18' <Predicate = true> <Delay = 0.00>
ST_1 : Operation 15 [1/1] (0.00ns)   --->   "%ret_ln19 = ret" [DFF_REG/DFF_REG.cpp:19]   --->   Operation 15 'ret' 'ret_ln19' <Predicate = true> <Delay = 0.00>


============================================================
+ Verbose Summary: Binding
============================================================
STG Binding: 
---------------- STG Properties BEGIN ----------------
- Is combinational: 0
- Is one-state seq: 1
- Is datapath-only: 0
- Is pipelined: 0
- Is top level: 1
Port [ Return ] is wired: 1; IO mode=ap_ctrl_none:ce=0
Port [ d]:  wired=1; compound=0; hidden=0; nouse=0; global=0; static=0; extern=0; dir=0; type=0; pingpong=0; private_global=0; IO mode=ap_none:ce=0
Port [ q]:  wired=1; compound=0; hidden=0; nouse=0; global=0; static=0; extern=0; dir=1; type=0; pingpong=0; private_global=0; IO mode=ap_none:ce=0
Port [ reg_V]:  wired=0; compound=0; hidden=1; nouse=0; global=1; static=1; extern=0; dir=2; type=0; pingpong=0; private_global=1; IO mode=ap_ovld:ce=0
---------------- STG Properties END ------------------

---------------- Datapath Model BEGIN ----------------

<LifeTime>
<method=bitvector/>
spectopmodule_ln0 (spectopmodule ) [ 00]
specinterface_ln0 (specinterface ) [ 00]
specbitsmap_ln0   (specbitsmap   ) [ 00]
specinterface_ln0 (specinterface ) [ 00]
specbitsmap_ln0   (specbitsmap   ) [ 00]
specinterface_ln0 (specinterface ) [ 00]
d_read            (read          ) [ 00]
p_Val2_s          (load          ) [ 00]
p_Repl2_s         (xor           ) [ 00]
tmp               (bitconcatenate) [ 00]
p_Result_s        (partset       ) [ 00]
store_ln838       (store         ) [ 00]
write_ln18        (write         ) [ 00]
ret_ln19          (ret           ) [ 00]
</LifeTime>

<model>

<comp_list>
<comp id="0" class="1000" name="d">
<pin_list>
<pin id="1" dir="1" index="0" bw="1" slack="0"/>
</pin_list>
<bind>
<StgValue><ssdm name="d"/></StgValue>
</bind>
</comp>

<comp id="2" class="1000" name="q">
<pin_list>
<pin id="3" dir="1" index="0" bw="1" slack="0"/>
</pin_list>
<bind>
<StgValue><ssdm name="q"/></StgValue>
</bind>
</comp>

<comp id="4" class="1000" name="reg_V">
<pin_list>
<pin id="5" dir="1" index="0" bw="1" slack="0"/>
</pin_list>
<bind>
<StgValue><ssdm name="reg_V"/></StgValue>
</bind>
</comp>

<comp id="6" class="1001" name="const_6">
<pin_list>
<pin id="7" dir="1" index="0" bw="1" slack="2147483647"/>
</pin_list>
<bind>
<StgValue><ssdm name="_ssdm_op_SpecTopModule"/></StgValue>
</bind>
</comp>

<comp id="8" class="1001" name="const_8">
<pin_list>
<pin id="9" dir="1" index="0" bw="1" slack="2147483647"/>
</pin_list>
<bind>
<StgValue><ssdm name="empty_1"/></StgValue>
</bind>
</comp>

<comp id="10" class="1001" name="const_10">
<pin_list>
<pin id="11" dir="1" index="0" bw="1" slack="2147483647"/>
</pin_list>
<bind>
<StgValue><ssdm name="_ssdm_op_SpecInterface"/></StgValue>
</bind>
</comp>

<comp id="12" class="1001" name="const_12">
<pin_list>
<pin id="13" dir="1" index="0" bw="1" slack="2147483647"/>
</pin_list>
<bind>
<StgValue><ssdm name=""/></StgValue>
</bind>
</comp>

<comp id="14" class="1001" name="const_14">
<pin_list>
<pin id="15" dir="1" index="0" bw="1" slack="2147483647"/>
</pin_list>
<bind>
<StgValue><ssdm name="empty_2"/></StgValue>
</bind>
</comp>

<comp id="16" class="1001" name="const_16">
<pin_list>
<pin id="17" dir="1" index="0" bw="1" slack="2147483647"/>
</pin_list>
<bind>
<StgValue><ssdm name="empty_0"/></StgValue>
</bind>
</comp>

<comp id="18" class="1001" name="const_18">
<pin_list>
<pin id="19" dir="1" index="0" bw="1" slack="2147483647"/>
</pin_list>
<bind>
<StgValue><ssdm name="_ssdm_op_SpecBitsMap"/></StgValue>
</bind>
</comp>

<comp id="20" class="1001" name="const_20">
<pin_list>
<pin id="21" dir="1" index="0" bw="1" slack="2147483647"/>
</pin_list>
<bind>
<StgValue><ssdm name="empty"/></StgValue>
</bind>
</comp>

<comp id="22" class="1001" name="const_22">
<pin_list>
<pin id="23" dir="1" index="0" bw="1" slack="0"/>
</pin_list>
<bind>
<StgValue><ssdm name="_ssdm_op_Read.ap_none.i1"/></StgValue>
</bind>
</comp>

<comp id="24" class="1001" name="const_24">
<pin_list>
<pin id="25" dir="1" index="0" bw="1" slack="0"/>
</pin_list>
<bind>
<StgValue><ssdm name=""/></StgValue>
</bind>
</comp>

<comp id="26" class="1001" name="const_26">
<pin_list>
<pin id="27" dir="1" index="0" bw="1" slack="0"/>
</pin_list>
<bind>
<StgValue><ssdm name="_ssdm_op_BitConcatenate.i2.i1.i1"/></StgValue>
</bind>
</comp>

<comp id="28" class="1001" name="const_28">
<pin_list>
<pin id="29" dir="1" index="0" bw="1" slack="0"/>
</pin_list>
<bind>
<StgValue><ssdm name="_ssdm_op_PartSet.i3.i3.i2.i32.i32"/></StgValue>
</bind>
</comp>

<comp id="30" class="1001" name="const_30">
<pin_list>
<pin id="31" dir="1" index="0" bw="1" slack="0"/>
</pin_list>
<bind>
<StgValue><ssdm name=""/></StgValue>
</bind>
</comp>

<comp id="32" class="1001" name="const_32">
<pin_list>
<pin id="33" dir="1" index="0" bw="1" slack="0"/>
</pin_list>
<bind>
<StgValue><ssdm name=""/></StgValue>
</bind>
</comp>

<comp id="34" class="1001" name="const_34">
<pin_list>
<pin id="35" dir="1" index="0" bw="1" slack="0"/>
</pin_list>
<bind>
<StgValue><ssdm name="_ssdm_op_Write.ap_none.i3P0A"/></StgValue>
</bind>
</comp>

<comp id="36" class="1004" name="d_read_read_fu_36">
<pin_list>
<pin id="37" dir="0" index="0" bw="1" slack="0"/>
<pin id="38" dir="0" index="1" bw="1" slack="0"/>
<pin id="39" dir="1" index="2" bw="1" slack="0"/>
</pin_list>
<bind>
<opcode="read(1150) " fcode="read"/>
<opset="d_read/1 "/>
</bind>
</comp>

<comp id="42" class="1004" name="write_ln18_write_fu_42">
<pin_list>
<pin id="43" dir="0" index="0" bw="0" slack="0"/>
<pin id="44" dir="0" index="1" bw="3" slack="0"/>
<pin id="45" dir="0" index="2" bw="3" slack="0"/>
<pin id="46" dir="1" index="3" bw="0" slack="2147483647"/>
</pin_list>
<bind>
<opcode="write(1151) " fcode="write"/>
<opset="write_ln18/1 "/>
</bind>
</comp>

<comp id="49" class="1004" name="p_Val2_s_load_fu_49">
<pin_list>
<pin id="50" dir="0" index="0" bw="3" slack="0"/>
<pin id="51" dir="1" index="1" bw="3" slack="0"/>
</pin_list>
<bind>
<opcode="load(27) " fcode="load"/>
<opset="p_Val2_s/1 "/>
</bind>
</comp>

<comp id="53" class="1004" name="p_Repl2_s_fu_53">
<pin_list>
<pin id="54" dir="0" index="0" bw="1" slack="0"/>
<pin id="55" dir="0" index="1" bw="1" slack="0"/>
<pin id="56" dir="1" index="2" bw="1" slack="0"/>
</pin_list>
<bind>
<opcode="xor(25) " fcode="xor"/>
<opset="p_Repl2_s/1 "/>
</bind>
</comp>

<comp id="59" class="1004" name="tmp_fu_59">
<pin_list>
<pin id="60" dir="0" index="0" bw="2" slack="0"/>
<pin id="61" dir="0" index="1" bw="1" slack="0"/>
<pin id="62" dir="0" index="2" bw="1" slack="0"/>
<pin id="63" dir="1" index="3" bw="2" slack="0"/>
</pin_list>
<bind>
<opcode="bitconcatenate(1004) " fcode="bitconcatenate"/>
<opset="tmp/1 "/>
</bind>
</comp>

<comp id="67" class="1004" name="p_Result_s_fu_67">
<pin_list>
<pin id="68" dir="0" index="0" bw="3" slack="0"/>
<pin id="69" dir="0" index="1" bw="3" slack="0"/>
<pin id="70" dir="0" index="2" bw="2" slack="0"/>
<pin id="71" dir="0" index="3" bw="1" slack="0"/>
<pin id="72" dir="0" index="4" bw="3" slack="0"/>
<pin id="73" dir="1" index="5" bw="3" slack="0"/>
</pin_list>
<bind>
<opcode="partset(1003) " fcode="partset"/>
<opset="p_Result_s/1 "/>
</bind>
</comp>

<comp id="80" class="1004" name="store_ln838_store_fu_80">
<pin_list>
<pin id="81" dir="0" index="0" bw="3" slack="0"/>
<pin id="82" dir="0" index="1" bw="3" slack="0"/>
<pin id="83" dir="1" index="2" bw="0" slack="2147483647"/>
</pin_list>
<bind>
<opcode="store(28) " fcode="store"/>
<opset="store_ln838/1 "/>
</bind>
</comp>

</comp_list>

<net_list>
<net id="40"><net_src comp="22" pin="0"/><net_sink comp="36" pin=0"/></net>

<net id="41"><net_src comp="0" pin="0"/><net_sink comp="36" pin=1"/></net>

<net id="47"><net_src comp="34" pin="0"/><net_sink comp="42" pin=0"/></net>

<net id="48"><net_src comp="2" pin="0"/><net_sink comp="42" pin=1"/></net>

<net id="52"><net_src comp="4" pin="0"/><net_sink comp="49" pin=0"/></net>

<net id="57"><net_src comp="36" pin="2"/><net_sink comp="53" pin=0"/></net>

<net id="58"><net_src comp="24" pin="0"/><net_sink comp="53" pin=1"/></net>

<net id="64"><net_src comp="26" pin="0"/><net_sink comp="59" pin=0"/></net>

<net id="65"><net_src comp="36" pin="2"/><net_sink comp="59" pin=1"/></net>

<net id="66"><net_src comp="53" pin="2"/><net_sink comp="59" pin=2"/></net>

<net id="74"><net_src comp="28" pin="0"/><net_sink comp="67" pin=0"/></net>

<net id="75"><net_src comp="49" pin="1"/><net_sink comp="67" pin=1"/></net>

<net id="76"><net_src comp="59" pin="3"/><net_sink comp="67" pin=2"/></net>

<net id="77"><net_src comp="30" pin="0"/><net_sink comp="67" pin=3"/></net>

<net id="78"><net_src comp="32" pin="0"/><net_sink comp="67" pin=4"/></net>

<net id="79"><net_src comp="67" pin="5"/><net_sink comp="42" pin=2"/></net>

<net id="84"><net_src comp="67" pin="5"/><net_sink comp="80" pin=0"/></net>

<net id="85"><net_src comp="4" pin="0"/><net_sink comp="80" pin=1"/></net>

</net_list>

</model> 
---------------- Datapath Model END ------------------

* FSMD analyzer results:
  - Output states:
	Port: q | {1 }
	Port: reg_V | {1 }
 - Input state : 
	Port: DFF_REG : d | {1 }
	Port: DFF_REG : reg_V | {1 }
  - Chain level:
	State 1
		p_Result_s : 1
		store_ln838 : 2
		write_ln18 : 2


============================================================
+ Verbose Summary: Datapath Resource usage 
============================================================

* Functional unit list:
|----------|------------------------|---------|---------|
| Operation|     Functional Unit    |    FF   |   LUT   |
|----------|------------------------|---------|---------|
|    xor   |     p_Repl2_s_fu_53    |    0    |    2    |
|----------|------------------------|---------|---------|
|   read   |    d_read_read_fu_36   |    0    |    0    |
|----------|------------------------|---------|---------|
|   write  | write_ln18_write_fu_42 |    0    |    0    |
|----------|------------------------|---------|---------|
|bitconcatenate|        tmp_fu_59       |    0    |    0    |
|----------|------------------------|---------|---------|
|  partset |    p_Result_s_fu_67    |    0    |    0    |
|----------|------------------------|---------|---------|
|   Total  |                        |    0    |    2    |
|----------|------------------------|---------|---------|

Memories:
N/A

* Register list:
N/A

* Multiplexer (MUX) list: 
|--------|------|------|------|--------|
|  Comp  |  Pin | Size |  BW  | S x BW |
|--------|------|------|------|--------|
|  Total |      |      |      |    0   |
|--------|------|------|------|--------|



* Summary:
+-----------+--------+--------+
|           |   FF   |   LUT  |
+-----------+--------+--------+
|  Function |    0   |    2   |
|   Memory  |    -   |    -   |
|Multiplexer|    -   |    -   |
|  Register |    -   |    -   |
+-----------+--------+--------+
|   Total   |    0   |    2   |
+-----------+--------+--------+
