

================================================================
== Vitis HLS Report for 'timer'
================================================================
* Date:           Sat Apr 24 19:40:26 2021

* Version:        2020.2 (Build 3064766 on Wed Nov 18 09:12:47 MST 2020)
* Project:        timer
* Solution:       solution1 (Vivado IP Flow Target)
* Product family: virtexuplus
* Target device:  xcvu11p-flga2577-1-e


================================================================
== Performance Estimates
================================================================
+ Timing: 
    * Summary: 
    +--------+----------+----------+------------+
    |  Clock |  Target  | Estimated| Uncertainty|
    +--------+----------+----------+------------+
    |ap_clk  |  10.00 ns|  2.703 ns|     2.70 ns|
    +--------+----------+----------+------------+

+ Latency: 
    * Summary: 
    +---------+---------+----------+----------+-----+-----+---------+
    |  Latency (cycles) |  Latency (absolute) |  Interval | Pipeline|
    |   min   |   max   |    min   |    max   | min | max |   Type  |
    +---------+---------+----------+----------+-----+-----+---------+
    |        0|        0|      0 ns|      0 ns|    1|    1|     none|
    +---------+---------+----------+----------+-----+-----+---------+

    + Detail: 
        * Instance: 
        N/A

        * Loop: 
        N/A

============================================================
+ Verbose Summary: Synthesis Manager
============================================================
InlineROM: 1
ExposeGlobal: 0
============================================================
+ Verbose Summary: CDFG Model
============================================================
IsTopModel: 1
ResetActiveHigh: 1
IsCombinational: 0
IsDatapathOnly: 0
HasWiredReturn: 1
HasMFsm: 0
HasVarLatency: 0
IsPipeline: 0
IsRtlPipelined: 0
IsInstanceOverlapped: 0
IsDontTouch: 0
HasImplIP: 0
IsGatedGlobalClock: 0


============================================================
+ Verbose Summary: Schedule
============================================================
* Number of FSM states : 1
* Pipeline : 0
* Dataflow Pipeline: 0

* FSM state transitions: 
1 --> 

* FSM state operations: 

State 1 <SV = 0> <Delay = 2.70>
ST_1 : Operation 2 [1/1] (0.00ns)   --->   "%spectopmodule_ln0 = spectopmodule void @_ssdm_op_SpecTopModule, void @empty_1"   --->   Operation 2 'spectopmodule' 'spectopmodule_ln0' <Predicate = true> <Delay = 0.00>
ST_1 : Operation 3 [1/1] (0.00ns)   --->   "%specinterface_ln0 = specinterface void @_ssdm_op_SpecInterface, i32 0, void @empty_2, i32 0, i32 0, void @empty_0, i32 0, i32 0, void @empty_0, void @empty_0, void @empty_0, i32 0, i32 0, i32 0, i32 0, void @empty_0, void @empty_0"   --->   Operation 3 'specinterface' 'specinterface_ln0' <Predicate = true> <Delay = 0.00>
ST_1 : Operation 4 [1/1] (0.00ns)   --->   "%specbitsmap_ln0 = specbitsmap void @_ssdm_op_SpecBitsMap, i16 %n"   --->   Operation 4 'specbitsmap' 'specbitsmap_ln0' <Predicate = true> <Delay = 0.00>
ST_1 : Operation 5 [1/1] (0.00ns)   --->   "%specinterface_ln0 = specinterface void @_ssdm_op_SpecInterface, i16 %n, void @empty, i32 0, i32 0, void @empty_0, i32 0, i32 0, void @empty_0, void @empty_0, void @empty_0, i32 0, i32 0, i32 0, i32 0, void @empty_0, void @empty_0"   --->   Operation 5 'specinterface' 'specinterface_ln0' <Predicate = true> <Delay = 0.00>
ST_1 : Operation 6 [1/1] (0.00ns)   --->   "%specbitsmap_ln0 = specbitsmap void @_ssdm_op_SpecBitsMap, i1 %start_r"   --->   Operation 6 'specbitsmap' 'specbitsmap_ln0' <Predicate = true> <Delay = 0.00>
ST_1 : Operation 7 [1/1] (0.00ns)   --->   "%specinterface_ln0 = specinterface void @_ssdm_op_SpecInterface, i1 %start_r, void @empty, i32 0, i32 0, void @empty_0, i32 0, i32 0, void @empty_0, void @empty_0, void @empty_0, i32 0, i32 0, i32 0, i32 0, void @empty_0, void @empty_0"   --->   Operation 7 'specinterface' 'specinterface_ln0' <Predicate = true> <Delay = 0.00>
ST_1 : Operation 8 [1/1] (0.00ns)   --->   "%specbitsmap_ln0 = specbitsmap void @_ssdm_op_SpecBitsMap, i1 %end_r"   --->   Operation 8 'specbitsmap' 'specbitsmap_ln0' <Predicate = true> <Delay = 0.00>
ST_1 : Operation 9 [1/1] (0.00ns)   --->   "%specinterface_ln0 = specinterface void @_ssdm_op_SpecInterface, i1 %end_r, void @empty, i32 0, i32 0, void @empty_0, i32 0, i32 0, void @empty_0, void @empty_0, void @empty_0, i32 0, i32 0, i32 0, i32 0, void @empty_0, void @empty_0"   --->   Operation 9 'specinterface' 'specinterface_ln0' <Predicate = true> <Delay = 0.00>
ST_1 : Operation 10 [1/1] (0.00ns)   --->   "%start_read = read i1 @_ssdm_op_Read.ap_none.i1, i1 %start_r" [timer/timer.cpp:5]   --->   Operation 10 'read' 'start_read' <Predicate = true> <Delay = 0.00>
ST_1 : Operation 11 [1/1] (0.00ns)   --->   "%n_read = read i16 @_ssdm_op_Read.ap_none.i16, i16 %n" [timer/timer.cpp:5]   --->   Operation 11 'read' 'n_read' <Predicate = true> <Delay = 0.00>
ST_1 : Operation 12 [1/1] (0.00ns)   --->   "%state_load = load i1 %state" [timer/timer.cpp:20]   --->   Operation 12 'load' 'state_load' <Predicate = true> <Delay = 0.00>
ST_1 : Operation 13 [1/1] (0.00ns)   --->   "%timer_variable_load = load i64 %timer_variable" [timer/timer.cpp:35]   --->   Operation 13 'load' 'timer_variable_load' <Predicate = true> <Delay = 0.00>
ST_1 : Operation 14 [1/1] (0.00ns)   --->   "%zext_ln1347 = zext i16 %n_read"   --->   Operation 14 'zext' 'zext_ln1347' <Predicate = true> <Delay = 0.00>
ST_1 : Operation 15 [1/1] (1.12ns)   --->   "%ret = add i17 %zext_ln1347, i17 131071"   --->   Operation 15 'add' 'ret' <Predicate = true> <Delay = 1.12> <CoreInst = "Adder">   --->   Core 1 'Adder' <Latency = 0> <II = 1> <Delay = 1.36> <FuncUnit> <Opcode : 'add' 'sub'> <InPorts = 2> <OutPorts = 1>
ST_1 : Operation 16 [1/1] (0.00ns)   --->   "%sext_ln870 = sext i17 %ret"   --->   Operation 16 'sext' 'sext_ln870' <Predicate = true> <Delay = 0.00>
ST_1 : Operation 17 [1/1] (1.14ns)   --->   "%icmp_ln870 = icmp_eq  i64 %timer_variable_load, i64 %sext_ln870"   --->   Operation 17 'icmp' 'icmp_ln870' <Predicate = true> <Delay = 1.14> <CoreInst = "Cmp">   --->   Core 9 'Cmp' <Latency = 0> <II = 1> <Delay = 1.14> <FuncUnit> <Opcode : 'icmp'> <InPorts = 2> <OutPorts = 1>
ST_1 : Operation 18 [1/1] (1.36ns)   --->   "%next_timer_variable = add i64 %timer_variable_load, i64 1" [timer/timer.cpp:40]   --->   Operation 18 'add' 'next_timer_variable' <Predicate = (!icmp_ln870 & state_load)> <Delay = 1.36> <CoreInst = "Adder">   --->   Core 1 'Adder' <Latency = 0> <II = 1> <Delay = 1.36> <FuncUnit> <Opcode : 'add' 'sub'> <InPorts = 2> <OutPorts = 1>
ST_1 : Operation 19 [1/1] (0.00ns) (grouped into LUT with out node next_state)   --->   "%xor_ln35 = xor i1 %icmp_ln870, i1 1" [timer/timer.cpp:35]   --->   Operation 19 'xor' 'xor_ln35' <Predicate = (state_load)> <Delay = 0.00> <CoreInst = "LogicGate">   --->   Core 74 'LogicGate' <Latency = 0> <II = 1> <Delay = 0.14> <FuncUnit> <Opcode : 'and' 'or' 'xor'> <InPorts = 2> <OutPorts = 1>
ST_1 : Operation 20 [1/1] (0.00ns) (grouped into LUT with out node next_timer_variable_1)   --->   "%select_ln35 = select i1 %icmp_ln870, i64 0, i64 %next_timer_variable" [timer/timer.cpp:35]   --->   Operation 20 'select' 'select_ln35' <Predicate = (state_load)> <Delay = 0.00> <CoreInst = "Sel">   --->   Core 73 'Sel' <Latency = 0> <II = 1> <Delay = 0.43> <FuncUnit> <Opcode : 'select'> <InPorts = 3> <OutPorts = 1>
ST_1 : Operation 21 [1/1] (0.34ns) (out node of the LUT)   --->   "%next_state = select i1 %state_load, i1 %xor_ln35, i1 %start_read" [timer/timer.cpp:20]   --->   Operation 21 'select' 'next_state' <Predicate = true> <Delay = 0.34> <CoreInst = "Sel">   --->   Core 73 'Sel' <Latency = 0> <II = 1> <Delay = 0.43> <FuncUnit> <Opcode : 'select'> <InPorts = 3> <OutPorts = 1>
ST_1 : Operation 22 [1/1] (0.43ns) (out node of the LUT)   --->   "%next_timer_variable_1 = select i1 %state_load, i64 %select_ln35, i64 0" [timer/timer.cpp:20]   --->   Operation 22 'select' 'next_timer_variable_1' <Predicate = true> <Delay = 0.43> <CoreInst = "Sel">   --->   Core 73 'Sel' <Latency = 0> <II = 1> <Delay = 0.43> <FuncUnit> <Opcode : 'select'> <InPorts = 3> <OutPorts = 1>
ST_1 : Operation 23 [1/1] (0.14ns)   --->   "%end_local = and i1 %state_load, i1 %icmp_ln870" [timer/timer.cpp:20]   --->   Operation 23 'and' 'end_local' <Predicate = true> <Delay = 0.14> <CoreInst = "LogicGate">   --->   Core 74 'LogicGate' <Latency = 0> <II = 1> <Delay = 0.14> <FuncUnit> <Opcode : 'and' 'or' 'xor'> <InPorts = 2> <OutPorts = 1>
ST_1 : Operation 24 [1/1] (0.00ns)   --->   "%store_ln49 = store i1 %next_state, i1 %state" [timer/timer.cpp:49]   --->   Operation 24 'store' 'store_ln49' <Predicate = true> <Delay = 0.00>
ST_1 : Operation 25 [1/1] (0.00ns)   --->   "%store_ln50 = store i64 %next_timer_variable_1, i64 %timer_variable" [timer/timer.cpp:50]   --->   Operation 25 'store' 'store_ln50' <Predicate = true> <Delay = 0.00>
ST_1 : Operation 26 [1/1] (0.00ns)   --->   "%write_ln51 = write void @_ssdm_op_Write.ap_none.i1P0A, i1 %end_r, i1 %end_local" [timer/timer.cpp:51]   --->   Operation 26 'write' 'write_ln51' <Predicate = true> <Delay = 0.00>
ST_1 : Operation 27 [1/1] (0.00ns)   --->   "%ret_ln54 = ret" [timer/timer.cpp:54]   --->   Operation 27 'ret' 'ret_ln54' <Predicate = true> <Delay = 0.00>


============================================================
+ Verbose Summary: Binding
============================================================
STG Binding: 
---------------- STG Properties BEGIN ----------------
- Is combinational: 0
- Is one-state seq: 1
- Is datapath-only: 0
- Is pipelined: 0
- Is top level: 1
Port [ Return ] is wired: 1; IO mode=ap_ctrl_none:ce=0
Port [ n]:  wired=1; compound=0; hidden=0; nouse=0; global=0; static=0; extern=0; dir=0; type=0; pingpong=0; private_global=0; IO mode=ap_none:ce=0
Port [ start_r]:  wired=1; compound=0; hidden=0; nouse=0; global=0; static=0; extern=0; dir=0; type=0; pingpong=0; private_global=0; IO mode=ap_none:ce=0
Port [ end_r]:  wired=1; compound=0; hidden=0; nouse=0; global=0; static=0; extern=0; dir=1; type=0; pingpong=0; private_global=0; IO mode=ap_none:ce=0
Port [ state]:  wired=0; compound=0; hidden=1; nouse=0; global=1; static=1; extern=0; dir=2; type=0; pingpong=0; private_global=1; IO mode=ap_ovld:ce=0
Port [ timer_variable]:  wired=0; compound=0; hidden=1; nouse=0; global=1; static=1; extern=0; dir=2; type=0; pingpong=0; private_global=1; IO mode=ap_ovld:ce=0
---------------- STG Properties END ------------------

---------------- Datapath Model BEGIN ----------------

<LifeTime>
<method=bitvector/>
spectopmodule_ln0     (spectopmodule) [ 00]
specinterface_ln0     (specinterface) [ 00]
specbitsmap_ln0       (specbitsmap  ) [ 00]
specinterface_ln0     (specinterface) [ 00]
specbitsmap_ln0       (specbitsmap  ) [ 00]
specinterface_ln0     (specinterface) [ 00]
specbitsmap_ln0       (specbitsmap  ) [ 00]
specinterface_ln0     (specinterface) [ 00]
start_read            (read         ) [ 00]
n_read                (read         ) [ 00]
state_load            (load         ) [ 01]
timer_variable_load   (load         ) [ 00]
zext_ln1347           (zext         ) [ 00]
ret                   (add          ) [ 00]
sext_ln870            (sext         ) [ 00]
icmp_ln870            (icmp         ) [ 01]
next_timer_variable   (add          ) [ 00]
xor_ln35              (xor          ) [ 00]
select_ln35           (select       ) [ 00]
next_state            (select       ) [ 00]
next_timer_variable_1 (select       ) [ 00]
end_local             (and          ) [ 00]
store_ln49            (store        ) [ 00]
store_ln50            (store        ) [ 00]
write_ln51            (write        ) [ 00]
ret_ln54              (ret          ) [ 00]
</LifeTime>

<model>

<comp_list>
<comp id="0" class="1000" name="n">
<pin_list>
<pin id="1" dir="1" index="0" bw="1" slack="0"/>
</pin_list>
<bind>
<StgValue><ssdm name="n"/></StgValue>
</bind>
</comp>

<comp id="2" class="1000" name="start_r">
<pin_list>
<pin id="3" dir="1" index="0" bw="1" slack="0"/>
</pin_list>
<bind>
<StgValue><ssdm name="start_r"/></StgValue>
</bind>
</comp>

<comp id="4" class="1000" name="end_r">
<pin_list>
<pin id="5" dir="1" index="0" bw="1" slack="0"/>
</pin_list>
<bind>
<StgValue><ssdm name="end_r"/></StgValue>
</bind>
</comp>

<comp id="6" class="1000" name="state">
<pin_list>
<pin id="7" dir="1" index="0" bw="1" slack="0"/>
</pin_list>
<bind>
<StgValue><ssdm name="state"/></StgValue>
</bind>
</comp>

<comp id="8" class="1000" name="timer_variable">
<pin_list>
<pin id="9" dir="1" index="0" bw="1" slack="0"/>
</pin_list>
<bind>
<StgValue><ssdm name="timer_variable"/></StgValue>
</bind>
</comp>

<comp id="10" class="1001" name="const_10">
<pin_list>
<pin id="11" dir="1" index="0" bw="1" slack="2147483647"/>
</pin_list>
<bind>
<StgValue><ssdm name="_ssdm_op_SpecTopModule"/></StgValue>
</bind>
</comp>

<comp id="12" class="1001" name="const_12">
<pin_list>
<pin id="13" dir="1" index="0" bw="1" slack="2147483647"/>
</pin_list>
<bind>
<StgValue><ssdm name="empty_1"/></StgValue>
</bind>
</comp>

<comp id="14" class="1001" name="const_14">
<pin_list>
<pin id="15" dir="1" index="0" bw="1" slack="2147483647"/>
</pin_list>
<bind>
<StgValue><ssdm name="_ssdm_op_SpecInterface"/></StgValue>
</bind>
</comp>

<comp id="16" class="1001" name="const_16">
<pin_list>
<pin id="17" dir="1" index="0" bw="1" slack="2147483647"/>
</pin_list>
<bind>
<StgValue><ssdm name=""/></StgValue>
</bind>
</comp>

<comp id="18" class="1001" name="const_18">
<pin_list>
<pin id="19" dir="1" index="0" bw="1" slack="2147483647"/>
</pin_list>
<bind>
<StgValue><ssdm name="empty_2"/></StgValue>
</bind>
</comp>

<comp id="20" class="1001" name="const_20">
<pin_list>
<pin id="21" dir="1" index="0" bw="1" slack="2147483647"/>
</pin_list>
<bind>
<StgValue><ssdm name="empty_0"/></StgValue>
</bind>
</comp>

<comp id="22" class="1001" name="const_22">
<pin_list>
<pin id="23" dir="1" index="0" bw="1" slack="2147483647"/>
</pin_list>
<bind>
<StgValue><ssdm name="_ssdm_op_SpecBitsMap"/></StgValue>
</bind>
</comp>

<comp id="24" class="1001" name="const_24">
<pin_list>
<pin id="25" dir="1" index="0" bw="1" slack="2147483647"/>
</pin_list>
<bind>
<StgValue><ssdm name="empty"/></StgValue>
</bind>
</comp>

<comp id="26" class="1001" name="const_26">
<pin_list>
<pin id="27" dir="1" index="0" bw="1" slack="0"/>
</pin_list>
<bind>
<StgValue><ssdm name="_ssdm_op_Read.ap_none.i1"/></StgValue>
</bind>
</comp>

<comp id="28" class="1001" name="const_28">
<pin_list>
<pin id="29" dir="1" index="0" bw="1" slack="0"/>
</pin_list>
<bind>
<StgValue><ssdm name="_ssdm_op_Read.ap_none.i16"/></StgValue>
</bind>
</comp>

<comp id="30" class="1001" name="const_30">
<pin_list>
<pin id="31" dir="1" index="0" bw="1" slack="0"/>
</pin_list>
<bind>
<StgValue><ssdm name=""/></StgValue>
</bind>
</comp>

<comp id="32" class="1001" name="const_32">
<pin_list>
<pin id="33" dir="1" index="0" bw="1" slack="0"/>
</pin_list>
<bind>
<StgValue><ssdm name=""/></StgValue>
</bind>
</comp>

<comp id="34" class="1001" name="const_34">
<pin_list>
<pin id="35" dir="1" index="0" bw="1" slack="0"/>
</pin_list>
<bind>
<StgValue><ssdm name=""/></StgValue>
</bind>
</comp>

<comp id="36" class="1001" name="const_36">
<pin_list>
<pin id="37" dir="1" index="0" bw="1" slack="0"/>
</pin_list>
<bind>
<StgValue><ssdm name=""/></StgValue>
</bind>
</comp>

<comp id="38" class="1001" name="const_38">
<pin_list>
<pin id="39" dir="1" index="0" bw="1" slack="0"/>
</pin_list>
<bind>
<StgValue><ssdm name="_ssdm_op_Write.ap_none.i1P0A"/></StgValue>
</bind>
</comp>

<comp id="40" class="1004" name="start_read_read_fu_40">
<pin_list>
<pin id="41" dir="0" index="0" bw="1" slack="0"/>
<pin id="42" dir="0" index="1" bw="1" slack="0"/>
<pin id="43" dir="1" index="2" bw="1" slack="0"/>
</pin_list>
<bind>
<opcode="read(1150) " fcode="read"/>
<opset="start_read/1 "/>
</bind>
</comp>

<comp id="46" class="1004" name="n_read_read_fu_46">
<pin_list>
<pin id="47" dir="0" index="0" bw="16" slack="0"/>
<pin id="48" dir="0" index="1" bw="16" slack="0"/>
<pin id="49" dir="1" index="2" bw="16" slack="0"/>
</pin_list>
<bind>
<opcode="read(1150) " fcode="read"/>
<opset="n_read/1 "/>
</bind>
</comp>

<comp id="52" class="1004" name="write_ln51_write_fu_52">
<pin_list>
<pin id="53" dir="0" index="0" bw="0" slack="0"/>
<pin id="54" dir="0" index="1" bw="1" slack="0"/>
<pin id="55" dir="0" index="2" bw="1" slack="0"/>
<pin id="56" dir="1" index="3" bw="0" slack="2147483647"/>
</pin_list>
<bind>
<opcode="write(1151) " fcode="write"/>
<opset="write_ln51/1 "/>
</bind>
</comp>

<comp id="59" class="1004" name="state_load_load_fu_59">
<pin_list>
<pin id="60" dir="0" index="0" bw="1" slack="0"/>
<pin id="61" dir="1" index="1" bw="1" slack="0"/>
</pin_list>
<bind>
<opcode="load(27) " fcode="load"/>
<opset="state_load/1 "/>
</bind>
</comp>

<comp id="63" class="1004" name="timer_variable_load_load_fu_63">
<pin_list>
<pin id="64" dir="0" index="0" bw="64" slack="0"/>
<pin id="65" dir="1" index="1" bw="64" slack="0"/>
</pin_list>
<bind>
<opcode="load(27) " fcode="load"/>
<opset="timer_variable_load/1 "/>
</bind>
</comp>

<comp id="67" class="1004" name="zext_ln1347_fu_67">
<pin_list>
<pin id="68" dir="0" index="0" bw="16" slack="0"/>
<pin id="69" dir="1" index="1" bw="17" slack="0"/>
</pin_list>
<bind>
<opcode="zext(34) " fcode="zext"/>
<opset="zext_ln1347/1 "/>
</bind>
</comp>

<comp id="71" class="1004" name="ret_fu_71">
<pin_list>
<pin id="72" dir="0" index="0" bw="16" slack="0"/>
<pin id="73" dir="0" index="1" bw="1" slack="0"/>
<pin id="74" dir="1" index="2" bw="17" slack="0"/>
</pin_list>
<bind>
<opcode="add(8) " fcode="add"/>
<opset="ret/1 "/>
</bind>
</comp>

<comp id="77" class="1004" name="sext_ln870_fu_77">
<pin_list>
<pin id="78" dir="0" index="0" bw="17" slack="0"/>
<pin id="79" dir="1" index="1" bw="64" slack="0"/>
</pin_list>
<bind>
<opcode="sext(35) " fcode="sext"/>
<opset="sext_ln870/1 "/>
</bind>
</comp>

<comp id="81" class="1004" name="icmp_ln870_fu_81">
<pin_list>
<pin id="82" dir="0" index="0" bw="64" slack="0"/>
<pin id="83" dir="0" index="1" bw="17" slack="0"/>
<pin id="84" dir="1" index="2" bw="1" slack="0"/>
</pin_list>
<bind>
<opcode="icmp(45) " fcode="icmp"/>
<opset="icmp_ln870/1 "/>
</bind>
</comp>

<comp id="87" class="1004" name="next_timer_variable_fu_87">
<pin_list>
<pin id="88" dir="0" index="0" bw="64" slack="0"/>
<pin id="89" dir="0" index="1" bw="1" slack="0"/>
<pin id="90" dir="1" index="2" bw="64" slack="0"/>
</pin_list>
<bind>
<opcode="add(8) " fcode="add"/>
<opset="next_timer_variable/1 "/>
</bind>
</comp>

<comp id="93" class="1004" name="xor_ln35_fu_93">
<pin_list>
<pin id="94" dir="0" index="0" bw="1" slack="0"/>
<pin id="95" dir="0" index="1" bw="1" slack="0"/>
<pin id="96" dir="1" index="2" bw="1" slack="0"/>
</pin_list>
<bind>
<opcode="xor(25) " fcode="xor"/>
<opset="xor_ln35/1 "/>
</bind>
</comp>

<comp id="99" class="1004" name="select_ln35_fu_99">
<pin_list>
<pin id="100" dir="0" index="0" bw="1" slack="0"/>
<pin id="101" dir="0" index="1" bw="1" slack="0"/>
<pin id="102" dir="0" index="2" bw="64" slack="0"/>
<pin id="103" dir="1" index="3" bw="64" slack="0"/>
</pin_list>
<bind>
<opcode="select(49) " fcode="select"/>
<opset="select_ln35/1 "/>
</bind>
</comp>

<comp id="107" class="1004" name="next_state_fu_107">
<pin_list>
<pin id="108" dir="0" index="0" bw="1" slack="0"/>
<pin id="109" dir="0" index="1" bw="1" slack="0"/>
<pin id="110" dir="0" index="2" bw="1" slack="0"/>
<pin id="111" dir="1" index="3" bw="1" slack="0"/>
</pin_list>
<bind>
<opcode="select(49) " fcode="select"/>
<opset="next_state/1 "/>
</bind>
</comp>

<comp id="115" class="1004" name="next_timer_variable_1_fu_115">
<pin_list>
<pin id="116" dir="0" index="0" bw="1" slack="0"/>
<pin id="117" dir="0" index="1" bw="64" slack="0"/>
<pin id="118" dir="0" index="2" bw="1" slack="0"/>
<pin id="119" dir="1" index="3" bw="64" slack="0"/>
</pin_list>
<bind>
<opcode="select(49) " fcode="select"/>
<opset="next_timer_variable_1/1 "/>
</bind>
</comp>

<comp id="123" class="1004" name="end_local_fu_123">
<pin_list>
<pin id="124" dir="0" index="0" bw="1" slack="0"/>
<pin id="125" dir="0" index="1" bw="1" slack="0"/>
<pin id="126" dir="1" index="2" bw="1" slack="0"/>
</pin_list>
<bind>
<opcode="and(23) " fcode="and"/>
<opset="end_local/1 "/>
</bind>
</comp>

<comp id="130" class="1004" name="store_ln49_store_fu_130">
<pin_list>
<pin id="131" dir="0" index="0" bw="1" slack="0"/>
<pin id="132" dir="0" index="1" bw="1" slack="0"/>
<pin id="133" dir="1" index="2" bw="0" slack="2147483647"/>
</pin_list>
<bind>
<opcode="store(28) " fcode="store"/>
<opset="store_ln49/1 "/>
</bind>
</comp>

<comp id="136" class="1004" name="store_ln50_store_fu_136">
<pin_list>
<pin id="137" dir="0" index="0" bw="64" slack="0"/>
<pin id="138" dir="0" index="1" bw="64" slack="0"/>
<pin id="139" dir="1" index="2" bw="0" slack="2147483647"/>
</pin_list>
<bind>
<opcode="store(28) " fcode="store"/>
<opset="store_ln50/1 "/>
</bind>
</comp>

</comp_list>

<net_list>
<net id="44"><net_src comp="26" pin="0"/><net_sink comp="40" pin=0"/></net>

<net id="45"><net_src comp="2" pin="0"/><net_sink comp="40" pin=1"/></net>

<net id="50"><net_src comp="28" pin="0"/><net_sink comp="46" pin=0"/></net>

<net id="51"><net_src comp="0" pin="0"/><net_sink comp="46" pin=1"/></net>

<net id="57"><net_src comp="38" pin="0"/><net_sink comp="52" pin=0"/></net>

<net id="58"><net_src comp="4" pin="0"/><net_sink comp="52" pin=1"/></net>

<net id="62"><net_src comp="6" pin="0"/><net_sink comp="59" pin=0"/></net>

<net id="66"><net_src comp="8" pin="0"/><net_sink comp="63" pin=0"/></net>

<net id="70"><net_src comp="46" pin="2"/><net_sink comp="67" pin=0"/></net>

<net id="75"><net_src comp="67" pin="1"/><net_sink comp="71" pin=0"/></net>

<net id="76"><net_src comp="30" pin="0"/><net_sink comp="71" pin=1"/></net>

<net id="80"><net_src comp="71" pin="2"/><net_sink comp="77" pin=0"/></net>

<net id="85"><net_src comp="63" pin="1"/><net_sink comp="81" pin=0"/></net>

<net id="86"><net_src comp="77" pin="1"/><net_sink comp="81" pin=1"/></net>

<net id="91"><net_src comp="63" pin="1"/><net_sink comp="87" pin=0"/></net>

<net id="92"><net_src comp="32" pin="0"/><net_sink comp="87" pin=1"/></net>

<net id="97"><net_src comp="81" pin="2"/><net_sink comp="93" pin=0"/></net>

<net id="98"><net_src comp="34" pin="0"/><net_sink comp="93" pin=1"/></net>

<net id="104"><net_src comp="81" pin="2"/><net_sink comp="99" pin=0"/></net>

<net id="105"><net_src comp="36" pin="0"/><net_sink comp="99" pin=1"/></net>

<net id="106"><net_src comp="87" pin="2"/><net_sink comp="99" pin=2"/></net>

<net id="112"><net_src comp="59" pin="1"/><net_sink comp="107" pin=0"/></net>

<net id="113"><net_src comp="93" pin="2"/><net_sink comp="107" pin=1"/></net>

<net id="114"><net_src comp="40" pin="2"/><net_sink comp="107" pin=2"/></net>

<net id="120"><net_src comp="59" pin="1"/><net_sink comp="115" pin=0"/></net>

<net id="121"><net_src comp="99" pin="3"/><net_sink comp="115" pin=1"/></net>

<net id="122"><net_src comp="36" pin="0"/><net_sink comp="115" pin=2"/></net>

<net id="127"><net_src comp="59" pin="1"/><net_sink comp="123" pin=0"/></net>

<net id="128"><net_src comp="81" pin="2"/><net_sink comp="123" pin=1"/></net>

<net id="129"><net_src comp="123" pin="2"/><net_sink comp="52" pin=2"/></net>

<net id="134"><net_src comp="107" pin="3"/><net_sink comp="130" pin=0"/></net>

<net id="135"><net_src comp="6" pin="0"/><net_sink comp="130" pin=1"/></net>

<net id="140"><net_src comp="115" pin="3"/><net_sink comp="136" pin=0"/></net>

<net id="141"><net_src comp="8" pin="0"/><net_sink comp="136" pin=1"/></net>

</net_list>

</model> 
---------------- Datapath Model END ------------------

* FSMD analyzer results:
  - Output states:
	Port: end_r | {1 }
	Port: state | {1 }
	Port: timer_variable | {1 }
 - Input state : 
	Port: timer : n | {1 }
	Port: timer : start_r | {1 }
	Port: timer : state | {1 }
	Port: timer : timer_variable | {1 }
  - Chain level:
	State 1
		ret : 1
		sext_ln870 : 2
		icmp_ln870 : 3
		next_timer_variable : 1
		xor_ln35 : 4
		select_ln35 : 4
		next_state : 4
		next_timer_variable_1 : 5
		end_local : 4
		store_ln49 : 5
		store_ln50 : 6
		write_ln51 : 4


============================================================
+ Verbose Summary: Datapath Resource usage 
============================================================

* Functional unit list:
|----------|------------------------------|---------|---------|
| Operation|        Functional Unit       |    FF   |   LUT   |
|----------|------------------------------|---------|---------|
|          |       select_ln35_fu_99      |    0    |    64   |
|  select  |       next_state_fu_107      |    0    |    2    |
|          | next_timer_variable_1_fu_115 |    0    |    64   |
|----------|------------------------------|---------|---------|
|    add   |           ret_fu_71          |    0    |    23   |
|          |   next_timer_variable_fu_87  |    0    |    71   |
|----------|------------------------------|---------|---------|
|   icmp   |       icmp_ln870_fu_81       |    0    |    29   |
|----------|------------------------------|---------|---------|
|    xor   |        xor_ln35_fu_93        |    0    |    2    |
|----------|------------------------------|---------|---------|
|    and   |       end_local_fu_123       |    0    |    2    |
|----------|------------------------------|---------|---------|
|   read   |     start_read_read_fu_40    |    0    |    0    |
|          |       n_read_read_fu_46      |    0    |    0    |
|----------|------------------------------|---------|---------|
|   write  |    write_ln51_write_fu_52    |    0    |    0    |
|----------|------------------------------|---------|---------|
|   zext   |       zext_ln1347_fu_67      |    0    |    0    |
|----------|------------------------------|---------|---------|
|   sext   |       sext_ln870_fu_77       |    0    |    0    |
|----------|------------------------------|---------|---------|
|   Total  |                              |    0    |   257   |
|----------|------------------------------|---------|---------|

Memories:
N/A

* Register list:
N/A

* Multiplexer (MUX) list: 
|--------|------|------|------|--------|
|  Comp  |  Pin | Size |  BW  | S x BW |
|--------|------|------|------|--------|
|  Total |      |      |      |    0   |
|--------|------|------|------|--------|



* Summary:
+-----------+--------+--------+
|           |   FF   |   LUT  |
+-----------+--------+--------+
|  Function |    0   |   257  |
|   Memory  |    -   |    -   |
|Multiplexer|    -   |    -   |
|  Register |    -   |    -   |
+-----------+--------+--------+
|   Total   |    0   |   257  |
+-----------+--------+--------+
